<?xml version="1.0" encoding="UTF-8"?>
<!-- Generated by org.testng.reporters.JUnitReportReporter -->
<testsuite hostname="SID-PC" name="ExecutionEngine.DriverScript" tests="2" failures="0" timestamp="4 Aug 2017 19:00:07 GMT" time="81.232" errors="0">
  <testcase name="Test_Case_3" time="38.623" classname="ExecutionEngine.DriverScript"/>
  <testcase name="Test_Case_2" time="42.609" classname="ExecutionEngine.DriverScript"/>
</testsuite> <!-- ExecutionEngine.DriverScript -->
